{"/home/ramayaha/develop/full-stack-api-demo/LAMBDA3/_fn/geocodedAddress.ts": {"path":"/home/ramayaha/develop/full-stack-api-demo/LAMBDA3/_fn/geocodedAddress.ts","statementMap":{"0":{"start":{"line":1,"column":0},"end":{"line":1,"column":54}},"1":{"start":{"line":3,"column":14},"end":{"line":3,"column":30}},"2":{"start":{"line":6,"column":4},"end":{"line":37,"column":null}},"3":{"start":{"line":7,"column":26},"end":{"line":7,"column":62}},"4":{"start":{"line":9,"column":23},"end":{"line":9,"column":44}},"5":{"start":{"line":10,"column":8},"end":{"line":10,"column":67}},"6":{"start":{"line":11,"column":8},"end":{"line":11,"column":40}},"7":{"start":{"line":12,"column":8},"end":{"line":12,"column":38}},"8":{"start":{"line":14,"column":23},"end":{"line":24,"column":null}},"9":{"start":{"line":27,"column":18},"end":{"line":27,"column":37}},"10":{"start":{"line":28,"column":20},"end":{"line":28,"column":70}},"11":{"start":{"line":29,"column":25},"end":{"line":29,"column":46}},"12":{"start":{"line":31,"column":8},"end":{"line":31,"column":null}},"13":{"start":{"line":34,"column":8},"end":{"line":34,"column":null}},"14":{"start":{"line":5,"column":0},"end":{"line":5,"column":22}}},"fnMap":{"0":{"name":"geocodedAddress","decl":{"start":{"line":5,"column":22},"end":{"line":5,"column":37}},"loc":{"start":{"line":5,"column":52},"end":{"line":38,"column":null}}}},"branchMap":{},"s":{"0":1,"1":1,"2":0,"3":0,"4":0,"5":0,"6":0,"7":0,"8":0,"9":0,"10":0,"11":0,"12":0,"13":0,"14":1},"f":{"0":0},"b":{}}
,"/home/ramayaha/develop/full-stack-api-demo/LAMBDA3/config/configreader.ts": {"path":"/home/ramayaha/develop/full-stack-api-demo/LAMBDA3/config/configreader.ts","statementMap":{"0":{"start":{"line":8,"column":0},"end":{"line":8,"column":34}},"1":{"start":{"line":9,"column":0},"end":{"line":9,"column":25}},"2":{"start":{"line":14,"column":21},"end":{"line":14,"column":39}},"3":{"start":{"line":15,"column":4},"end":{"line":21,"column":null}},"4":{"start":{"line":16,"column":6},"end":{"line":16,"column":66}},"5":{"start":{"line":19,"column":6},"end":{"line":19,"column":14}},"6":{"start":{"line":25,"column":4},"end":{"line":25,"column":27}},"7":{"start":{"line":29,"column":4},"end":{"line":29,"column":27}},"8":{"start":{"line":11,"column":0},"end":{"line":11,"column":13}}},"fnMap":{"0":{"name":"(anonymous_6)","decl":{"start":{"line":14,"column":2},"end":{"line":14,"column":21}},"loc":{"start":{"line":14,"column":39},"end":{"line":22,"column":3}}},"1":{"name":"(anonymous_7)","decl":{"start":{"line":24,"column":2},"end":{"line":24,"column":5}},"loc":{"start":{"line":24,"column":19},"end":{"line":26,"column":3}}},"2":{"name":"(anonymous_8)","decl":{"start":{"line":28,"column":2},"end":{"line":28,"column":10}},"loc":{"start":{"line":28,"column":24},"end":{"line":30,"column":3}}}},"branchMap":{},"s":{"0":1,"1":1,"2":0,"3":0,"4":0,"5":0,"6":0,"7":0,"8":1},"f":{"0":0,"1":0,"2":0},"b":{}}
}
