TN:
SF:_fn/geocodedAddress.ts
FN:5,geocodedAddress
FNF:1
FNH:0
FNDA:0,geocodedAddress
DA:1,1
DA:3,1
DA:5,1
DA:6,0
DA:7,0
DA:9,0
DA:10,0
DA:11,0
DA:12,0
DA:14,0
DA:27,0
DA:28,0
DA:29,0
DA:31,0
DA:34,0
LF:15
LH:3
BRF:0
BRH:0
end_of_record
TN:
SF:config/configreader.ts
FN:14,(anonymous_6)
FN:24,(anonymous_7)
FN:28,(anonymous_8)
FNF:3
FNH:0
FNDA:0,(anonymous_6)
FNDA:0,(anonymous_7)
FNDA:0,(anonymous_8)
DA:8,1
DA:9,1
DA:11,1
DA:14,0
DA:15,0
DA:16,0
DA:19,0
DA:25,0
DA:29,0
LF:9
LH:3
BRF:0
BRH:0
end_of_record
